VECTOR OS 3.9.0

ARCHIVE DATABASE

Recovered Chat Logs

Status:
Recovered.............PARTIAL
Integrity.............12%
Corrupted Sectors.....YES
Readable..............NO

Attempting reconstruction...

███████████████████████

ERROR

Unable to reconstruct conversation.

Reason:
Message blocks damaged beyond recovery.

Recovered attachments remain accessible.

----------------------------------------

NOTICE

Text-based archives for the following sessions
could not be restored:

FILE_001.LOG
FILE_002.LOG
FILE_003.LOG

Recovered media remains available.

Please refer to archived playback copies.

Location:
/videos/

----------------------------------------

Playback Archive

001.mp4    AVAILABLE
002.mp4    AVAILABLE
003.mp4    AVAILABLE

----------------------------------------

SYSTEM MESSAGE

Further recovery attempts will continue
as additional storage sectors become readable.

----------------------------------------

LOG RESTORATION REPORT

Recovered Messages:
0

Recovered Attachments:
6

Recovered Videos:
3

Conversation reconstruction:
FAILED
